<?xml version="1.0" encoding="UTF-8"?>
<testng-results skipped="0" failed="0" total="1" passed="1">
  <reporter-output>
  </reporter-output>
  <suite name="Default suite" duration-ms="22036" started-at="2018-02-21T06:56:34Z" finished-at="2018-02-21T06:56:56Z">
    <groups>
    </groups>
    <test name="Default test" duration-ms="22036" started-at="2018-02-21T06:56:34Z" finished-at="2018-02-21T06:56:56Z">
      <class name="testcase.testOne.TestBootStrapPopup">
        <test-method status="PASS" signature="setUp()[pri:0, instance:testcase.testOne.TestBootStrapPopup@4bec1f0c]" name="setUp" is-config="true" duration-ms="6341" started-at="2018-02-21T12:26:34Z" finished-at="2018-02-21T12:26:41Z">
          <reporter-output>
          </reporter-output>
        </test-method> <!-- setUp -->
        <test-method status="PASS" signature="testBootStrapPopup()[pri:0, instance:testcase.testOne.TestBootStrapPopup@4bec1f0c]" name="testBootStrapPopup" duration-ms="13058" started-at="2018-02-21T12:26:41Z" finished-at="2018-02-21T12:26:54Z">
          <reporter-output>
          </reporter-output>
        </test-method> <!-- testBootStrapPopup -->
        <test-method status="PASS" signature="tearDown()[pri:0, instance:testcase.testOne.TestBootStrapPopup@4bec1f0c]" name="tearDown" is-config="true" duration-ms="2623" started-at="2018-02-21T12:26:54Z" finished-at="2018-02-21T12:26:56Z">
          <reporter-output>
          </reporter-output>
        </test-method> <!-- tearDown -->
      </class> <!-- testcase.testOne.TestBootStrapPopup -->
    </test> <!-- Default test -->
  </suite> <!-- Default suite -->
</testng-results>
